0
0
0
0
-1.1458498086307445
-0.603359420555259
0
0
0
-0.08506338324789285
-0.8204000581005692
0
0
0
0
0
0
0
0
0
-0.3161524702988585
0
-1.1813338206976414
-0.04573785474822212
-0.23114765137860455
0
-0.14254254933398372
0
-1.4705882352941175
-0.16523156917776904
0
0
-1.0552827236830828
-0.6711409395973157
-1.0789359203877489
-0.46736948175117776
-0.6711409395973152
-0.19929717140285932
0
-1.0405180210648752
0
-0.5818242606570693
-0.09906904052746174
-0.6731703783747777
-0.011407073427988747
-0.13874920623193226
0
-0.07052062495638824
-1.229856710525007
0
0
-0.002267689106527526
0
-0.6794461115974826
0
0
0
-0.915430639429927
-0.2607490639120855
-0.07668306382549779
0
0
0
0
0
-0.7032925616118061
0
0
0
0
0
-1.2384617177695731
0
0
0
0
0
0
0
-0.2679412636282428
0
-0.06333587221000266
0
0
0
-0.02007304087435391
-1.0311592555838838
-0.07945985910578951
0
0
0
-0.5974477390458703
-1.0029763348185012
-1.054192167487597
0
0
0
-0.036992606210168755
-1.1153263709701204
-0.08228333672664677
-1.144822395196972
0
0
-0.4453023730455705
0
-0.002780046521245765
0
0
0
0
-0.6119956406426115
-0.004075230009259134
0
-0.18554553698681087
0
0
0
-0.13872050130653307
0
0
0
0
0
-0.17687975030915637
-0.002576846610679473
0
